#
# There is insufficient memory for the Java Runtime Environment to continue.
# Native memory allocation (mmap) failed to map 221249536 bytes for G1 virtual space
# Possible reasons:
#   The system is out of physical RAM or swap space
#   The process is running with CompressedOops enabled, and the Java Heap may be blocking the growth of the native heap
# Possible solutions:
#   Reduce memory load on the system
#   Increase physical memory or swap space
#   Check if swap backing store is full
#   Decrease Java heap size (-Xmx/-Xms)
#   Decrease number of Java threads
#   Decrease Java thread stack sizes (-Xss)
#   Set larger code cache with -XX:ReservedCodeCacheSize=
#   JVM is running with Unscaled Compressed Oops mode in which the Java heap is
#     placed in the first 4GB address space. The Java Heap base address is the
#     maximum limit for the native heap growth. Please use -XX:HeapBaseMinAddress
#     to set the Java Heap base and to place the Java Heap above 4GB virtual address.
# This output file may be truncated or incomplete.
#
#  Out of Memory Error (os_windows.cpp:3532), pid=20588, tid=18568
#
# JRE version: Java(TM) SE Runtime Environment (17.0.2+8) (build 17.0.2+8-LTS-86)
# Java VM: Java HotSpot(TM) 64-Bit Server VM (17.0.2+8-LTS-86, mixed mode, sharing, tiered, compressed oops, compressed class ptrs, g1 gc, windows-amd64)
# No core dump will be written. Minidumps are not enabled by default on client versions of Windows
#

---------------  S U M M A R Y ------------

Command Line: -Dclassworlds.conf=C:\Program Files\NetBeans-12.5\netbeans\java\maven\bin\..\bin\m2.conf -Dmaven.home=C:\Program Files\NetBeans-12.5\netbeans\java\maven\bin\.. -Dlibrary.jansi.path=C:\Program Files\NetBeans-12.5\netbeans\java\maven\bin\..\lib\jansi-native -Dmaven.multiModuleProjectDirectory=E:\Documentos\NetBeansProjects\HBBC-java\HBBC-java org.codehaus.plexus.classworlds.launcher.Launcher -Dmaven.ext.class.path=C:\Program Files\NetBeans-12.5\netbeans\java\maven-nblib\netbeans-eventspy.jar -Dfile.encoding=UTF-8 install

Host: AMD Ryzen 5 3500U with Radeon Vega Mobile Gfx  , 8 cores, 6G,  Windows 11 , 64 bit Build 22621 (10.0.22621.2506)
Time: Mon Nov  6 14:39:26 2023 Hora estándar, América Central elapsed time: 35.461507 seconds (0d 0h 0m 35s)

---------------  T H R E A D  ---------------

Current thread (0x00000187d55749f0):  VMThread "VM Thread" [stack: 0x00000051b2d00000,0x00000051b2e00000] [id=18568]

Stack: [0x00000051b2d00000,0x00000051b2e00000]
Native frames: (J=compiled Java code, j=interpreted, Vv=VM code, C=native code)
V  [jvm.dll+0x670baa]
V  [jvm.dll+0x7cfcb4]
V  [jvm.dll+0x7d145e]
V  [jvm.dll+0x7d1ac3]
V  [jvm.dll+0x242bc5]
V  [jvm.dll+0x66dac9]
V  [jvm.dll+0x662412]
V  [jvm.dll+0x300c0b]
V  [jvm.dll+0x3081a6]
V  [jvm.dll+0x357d0e]
V  [jvm.dll+0x357f3f]
V  [jvm.dll+0x2d7ec8]
V  [jvm.dll+0x2d6194]
V  [jvm.dll+0x2d579c]
V  [jvm.dll+0x3190eb]
V  [jvm.dll+0x7d5f9b]
V  [jvm.dll+0x7d6cd4]
V  [jvm.dll+0x7d71ec]
V  [jvm.dll+0x7d75c4]
V  [jvm.dll+0x7d7690]
V  [jvm.dll+0x77ff7a]
V  [jvm.dll+0x66fa35]
C  [ucrtbase.dll+0x29363]
C  [KERNEL32.DLL+0x1257d]
C  [ntdll.dll+0x5aa58]

VM_Operation (0x00000051b27fcfa0): G1CollectForAllocation, mode: safepoint, requested by thread 0x00000187b7e0c160


---------------  P R O C E S S  ---------------

Threads class SMR info:
_java_thread_list=0x00000187d8fc09e0, length=12, elements={
0x00000187b7e0c160, 0x00000187d55785e0, 0x00000187d557a370, 0x00000187d558d070,
0x00000187d558fa40, 0x00000187d5590d30, 0x00000187d55915f0, 0x00000187d5599e40,
0x00000187d55a6c60, 0x00000187d55a9570, 0x00000187d60e49e0, 0x00000187d60ee180
}

Java Threads: ( => current thread )
  0x00000187b7e0c160 JavaThread "main" [_thread_blocked, id=9240, stack(0x00000051b2700000,0x00000051b2800000)]
  0x00000187d55785e0 JavaThread "Reference Handler" daemon [_thread_blocked, id=6140, stack(0x00000051b2e00000,0x00000051b2f00000)]
  0x00000187d557a370 JavaThread "Finalizer" daemon [_thread_blocked, id=16456, stack(0x00000051b2f00000,0x00000051b3000000)]
  0x00000187d558d070 JavaThread "Signal Dispatcher" daemon [_thread_blocked, id=16504, stack(0x00000051b3000000,0x00000051b3100000)]
  0x00000187d558fa40 JavaThread "Attach Listener" daemon [_thread_blocked, id=11904, stack(0x00000051b3100000,0x00000051b3200000)]
  0x00000187d5590d30 JavaThread "Service Thread" daemon [_thread_blocked, id=16124, stack(0x00000051b3200000,0x00000051b3300000)]
  0x00000187d55915f0 JavaThread "Monitor Deflation Thread" daemon [_thread_blocked, id=16820, stack(0x00000051b3300000,0x00000051b3400000)]
  0x00000187d5599e40 JavaThread "C2 CompilerThread0" daemon [_thread_blocked, id=5068, stack(0x00000051b3400000,0x00000051b3500000)]
  0x00000187d55a6c60 JavaThread "C1 CompilerThread0" daemon [_thread_blocked, id=6832, stack(0x00000051b3500000,0x00000051b3600000)]
  0x00000187d55a9570 JavaThread "Sweeper thread" daemon [_thread_blocked, id=15308, stack(0x00000051b3600000,0x00000051b3700000)]
  0x00000187d60e49e0 JavaThread "Notification Thread" daemon [_thread_blocked, id=13900, stack(0x00000051b3700000,0x00000051b3800000)]
  0x00000187d60ee180 JavaThread "Common-Cleaner" daemon [_thread_blocked, id=18696, stack(0x00000051b3900000,0x00000051b3a00000)]

Other Threads:
=>0x00000187d55749f0 VMThread "VM Thread" [stack: 0x00000051b2d00000,0x00000051b2e00000] [id=18568]
  0x00000187d60e9ee0 WatcherThread [stack: 0x00000051b3800000,0x00000051b3900000] [id=16956]
  0x00000187b7e4bc00 GCTaskThread "GC Thread#0" [stack: 0x00000051b2800000,0x00000051b2900000] [id=19224]
  0x00000187d61d6080 GCTaskThread "GC Thread#1" [stack: 0x00000051b3b00000,0x00000051b3c00000] [id=16808]
  0x00000187d6bebaa0 GCTaskThread "GC Thread#2" [stack: 0x00000051b3c00000,0x00000051b3d00000] [id=704]
  0x00000187d6bebd50 GCTaskThread "GC Thread#3" [stack: 0x00000051b3d00000,0x00000051b3e00000] [id=18128]
  0x00000187d6bec410 GCTaskThread "GC Thread#4" [stack: 0x00000051b3e00000,0x00000051b3f00000] [id=3556]
  0x00000187d6beced0 GCTaskThread "GC Thread#5" [stack: 0x00000051b3f00000,0x00000051b4000000] [id=14116]
  0x00000187d6bed180 GCTaskThread "GC Thread#6" [stack: 0x00000051b4000000,0x00000051b4100000] [id=6396]
  0x00000187d6b0cbc0 GCTaskThread "GC Thread#7" [stack: 0x00000051b4100000,0x00000051b4200000] [id=13752]
  0x00000187b7e5a940 ConcurrentGCThread "G1 Main Marker" [stack: 0x00000051b2900000,0x00000051b2a00000] [id=11032]
  0x00000187b7e5baf0 ConcurrentGCThread "G1 Conc#0" [stack: 0x00000051b2a00000,0x00000051b2b00000] [id=3932]
  0x00000187d74e2c30 ConcurrentGCThread "G1 Conc#1" [stack: 0x00000051b4200000,0x00000051b4300000] [id=660]
  0x00000187d542dd30 ConcurrentGCThread "G1 Refine#0" [stack: 0x00000051b2b00000,0x00000051b2c00000] [id=3836]
  0x00000187d542e560 ConcurrentGCThread "G1 Service" [stack: 0x00000051b2c00000,0x00000051b2d00000] [id=6216]

Threads with active compile tasks:

VM state: at safepoint (normal execution)

VM Mutex/Monitor currently owned by a thread:  ([mutex/lock_event])
[0x00000187b5c9d9f0] Threads_lock - owner thread: 0x00000187d55749f0
[0x00000187b7e0b920] Heap_lock - owner thread: 0x00000187b7e0c160

Heap address: 0x0000000091000000, size: 1776 MB, Compressed Oops mode: 32-bit

CDS archive(s) mapped at: [0x0000000800000000-0x0000000800bc0000-0x0000000800bc0000), size 12320768, SharedBaseAddress: 0x0000000800000000, ArchiveRelocationMode: 0.
Compressed class space mapped at: 0x0000000800c00000-0x0000000840c00000, reserved size: 1073741824
Narrow klass base: 0x0000000800000000, Narrow klass shift: 0, Narrow klass range: 0x100000000

GC Precious Log:
 CPUs: 8 total, 8 available
 Memory: 7103M
 Large Page Support: Disabled
 NUMA Support: Disabled
 Compressed Oops: Enabled (32-bit)
 Heap Region Size: 1M
 Heap Min Capacity: 8M
 Heap Initial Capacity: 112M
 Heap Max Capacity: 1776M
 Pre-touch: Disabled
 Parallel Workers: 8
 Concurrent Workers: 2
 Concurrent Refinement Workers: 8
 Periodic GC: Disabled

Heap:
 garbage-first heap   total 186368K, used 114818K [0x0000000091000000, 0x0000000100000000)
  region size 1024K, 6 young (6144K), 6 survivors (6144K)
 Metaspace       used 46901K, committed 47552K, reserved 1097728K
  class space    used 5431K, committed 5760K, reserved 1048576K

Heap Regions: E=young(eden), S=young(survivor), O=old, HS=humongous(starts), HC=humongous(continues), CS=collection set, F=free, OA=open archive, CA=closed archive, TAMS=top-at-mark-start (previous, next)
|   0|0x0000000091000000, 0x0000000091100000, 0x0000000091100000|100%| O|  |TAMS 0x0000000091100000, 0x0000000091100000| Untracked 
|   1|0x0000000091100000, 0x0000000091200000, 0x0000000091200000|100%| O|  |TAMS 0x0000000091200000, 0x0000000091200000| Untracked 
|   2|0x0000000091200000, 0x0000000091300000, 0x0000000091300000|100%| O|  |TAMS 0x0000000091300000, 0x0000000091300000| Untracked 
|   3|0x0000000091300000, 0x0000000091400000, 0x0000000091400000|100%| O|  |TAMS 0x0000000091400000, 0x0000000091400000| Untracked 
|   4|0x0000000091400000, 0x0000000091500000, 0x0000000091500000|100%| O|  |TAMS 0x0000000091500000, 0x0000000091500000| Untracked 
|   5|0x0000000091500000, 0x0000000091600000, 0x0000000091600000|100%| O|  |TAMS 0x0000000091600000, 0x0000000091600000| Untracked 
|   6|0x0000000091600000, 0x0000000091700000, 0x0000000091700000|100%| O|  |TAMS 0x0000000091700000, 0x0000000091700000| Untracked 
|   7|0x0000000091700000, 0x0000000091800000, 0x0000000091800000|100%| O|  |TAMS 0x0000000091800000, 0x0000000091800000| Untracked 
|   8|0x0000000091800000, 0x0000000091900000, 0x0000000091900000|100%| O|  |TAMS 0x0000000091900000, 0x0000000091900000| Untracked 
|   9|0x0000000091900000, 0x0000000091a00000, 0x0000000091a00000|100%| O|  |TAMS 0x0000000091a00000, 0x0000000091a00000| Untracked 
|  10|0x0000000091a00000, 0x0000000091b00000, 0x0000000091b00000|100%| O|  |TAMS 0x0000000091b00000, 0x0000000091b00000| Untracked 
|  11|0x0000000091b00000, 0x0000000091c00000, 0x0000000091c00000|100%| O|  |TAMS 0x0000000091c00000, 0x0000000091c00000| Untracked 
|  12|0x0000000091c00000, 0x0000000091d00000, 0x0000000091d00000|100%| O|  |TAMS 0x0000000091d00000, 0x0000000091d00000| Untracked 
|  13|0x0000000091d00000, 0x0000000091e00000, 0x0000000091e00000|100%| O|  |TAMS 0x0000000091e00000, 0x0000000091e00000| Untracked 
|  14|0x0000000091e00000, 0x0000000091f00000, 0x0000000091f00000|100%| O|  |TAMS 0x0000000091f00000, 0x0000000091f00000| Untracked 
|  15|0x0000000091f00000, 0x0000000092000000, 0x0000000092000000|100%| O|  |TAMS 0x0000000092000000, 0x0000000092000000| Untracked 
|  16|0x0000000092000000, 0x0000000092100000, 0x0000000092100000|100%| O|  |TAMS 0x0000000092100000, 0x0000000092100000| Untracked 
|  17|0x0000000092100000, 0x0000000092200000, 0x0000000092200000|100%| O|  |TAMS 0x0000000092200000, 0x0000000092200000| Untracked 
|  18|0x0000000092200000, 0x0000000092300000, 0x0000000092300000|100%|HS|  |TAMS 0x0000000092300000, 0x0000000092300000| Complete 
|  19|0x0000000092300000, 0x0000000092400000, 0x0000000092400000|100%|HC|  |TAMS 0x0000000092400000, 0x0000000092400000| Complete 
|  20|0x0000000092400000, 0x0000000092500000, 0x0000000092500000|100%| O|  |TAMS 0x0000000092500000, 0x0000000092500000| Untracked 
|  21|0x0000000092500000, 0x0000000092600000, 0x0000000092600000|100%|HS|  |TAMS 0x0000000092600000, 0x0000000092600000| Complete 
|  22|0x0000000092600000, 0x0000000092600000, 0x0000000092700000|  0%| F|  |TAMS 0x0000000092600000, 0x0000000092600000| Untracked 
|  23|0x0000000092700000, 0x0000000092800000, 0x0000000092800000|100%| O|  |TAMS 0x0000000092800000, 0x0000000092800000| Untracked 
|  24|0x0000000092800000, 0x0000000092900000, 0x0000000092900000|100%| O|  |TAMS 0x0000000092900000, 0x0000000092900000| Untracked 
|  25|0x0000000092900000, 0x0000000092a00000, 0x0000000092a00000|100%| O|  |TAMS 0x0000000092a00000, 0x0000000092a00000| Untracked 
|  26|0x0000000092a00000, 0x0000000092b00000, 0x0000000092b00000|100%| O|  |TAMS 0x0000000092b00000, 0x0000000092b00000| Untracked 
|  27|0x0000000092b00000, 0x0000000092c00000, 0x0000000092c00000|100%| O|  |TAMS 0x0000000092c00000, 0x0000000092c00000| Untracked 
|  28|0x0000000092c00000, 0x0000000092c00000, 0x0000000092d00000|  0%| F|  |TAMS 0x0000000092c00000, 0x0000000092c00000| Untracked 
|  29|0x0000000092d00000, 0x0000000092e00000, 0x0000000092e00000|100%| O|  |TAMS 0x0000000092d00000, 0x0000000092e00000| Untracked 
|  30|0x0000000092e00000, 0x0000000092f00000, 0x0000000092f00000|100%| O|  |TAMS 0x0000000092f00000, 0x0000000092f00000| Untracked 
|  31|0x0000000092f00000, 0x0000000093000000, 0x0000000093000000|100%| O|  |TAMS 0x0000000093000000, 0x0000000093000000| Untracked 
|  32|0x0000000093000000, 0x0000000093100000, 0x0000000093100000|100%| O|  |TAMS 0x0000000093100000, 0x0000000093100000| Untracked 
|  33|0x0000000093100000, 0x0000000093200000, 0x0000000093200000|100%| O|  |TAMS 0x0000000093200000, 0x0000000093200000| Untracked 
|  34|0x0000000093200000, 0x0000000093300000, 0x0000000093300000|100%| O|  |TAMS 0x0000000093300000, 0x0000000093300000| Untracked 
|  35|0x0000000093300000, 0x0000000093400000, 0x0000000093400000|100%| O|  |TAMS 0x0000000093400000, 0x0000000093400000| Untracked 
|  36|0x0000000093400000, 0x0000000093500000, 0x0000000093500000|100%| O|  |TAMS 0x0000000093500000, 0x0000000093500000| Untracked 
|  37|0x0000000093500000, 0x0000000093600000, 0x0000000093600000|100%| O|  |TAMS 0x0000000093600000, 0x0000000093600000| Untracked 
|  38|0x0000000093600000, 0x0000000093700000, 0x0000000093700000|100%| O|  |TAMS 0x0000000093700000, 0x0000000093700000| Untracked 
|  39|0x0000000093700000, 0x0000000093800000, 0x0000000093800000|100%| O|  |TAMS 0x0000000093700000, 0x0000000093800000| Untracked 
|  40|0x0000000093800000, 0x0000000093900000, 0x0000000093900000|100%| O|  |TAMS 0x0000000093900000, 0x0000000093900000| Untracked 
|  41|0x0000000093900000, 0x0000000093a00000, 0x0000000093a00000|100%| O|  |TAMS 0x0000000093a00000, 0x0000000093a00000| Untracked 
|  42|0x0000000093a00000, 0x0000000093b00000, 0x0000000093b00000|100%| O|  |TAMS 0x0000000093b00000, 0x0000000093b00000| Untracked 
|  43|0x0000000093b00000, 0x0000000093c00000, 0x0000000093c00000|100%| O|  |TAMS 0x0000000093c00000, 0x0000000093c00000| Untracked 
|  44|0x0000000093c00000, 0x0000000093d00000, 0x0000000093d00000|100%| O|  |TAMS 0x0000000093d00000, 0x0000000093d00000| Untracked 
|  45|0x0000000093d00000, 0x0000000093e00000, 0x0000000093e00000|100%| O|  |TAMS 0x0000000093e00000, 0x0000000093e00000| Untracked 
|  46|0x0000000093e00000, 0x0000000093f00000, 0x0000000093f00000|100%| O|  |TAMS 0x0000000093f00000, 0x0000000093f00000| Untracked 
|  47|0x0000000093f00000, 0x0000000094000000, 0x0000000094000000|100%| O|  |TAMS 0x0000000094000000, 0x0000000094000000| Untracked 
|  48|0x0000000094000000, 0x0000000094100000, 0x0000000094100000|100%| O|  |TAMS 0x0000000094100000, 0x0000000094100000| Untracked 
|  49|0x0000000094100000, 0x0000000094200000, 0x0000000094200000|100%| O|  |TAMS 0x0000000094200000, 0x0000000094200000| Untracked 
|  50|0x0000000094200000, 0x0000000094300000, 0x0000000094300000|100%| O|  |TAMS 0x0000000094300000, 0x0000000094300000| Untracked 
|  51|0x0000000094300000, 0x0000000094400000, 0x0000000094400000|100%| O|  |TAMS 0x0000000094400000, 0x0000000094400000| Untracked 
|  52|0x0000000094400000, 0x0000000094500000, 0x0000000094500000|100%| O|  |TAMS 0x0000000094500000, 0x0000000094500000| Untracked 
|  53|0x0000000094500000, 0x0000000094600000, 0x0000000094600000|100%| O|  |TAMS 0x0000000094600000, 0x0000000094600000| Untracked 
|  54|0x0000000094600000, 0x0000000094700000, 0x0000000094700000|100%| O|  |TAMS 0x0000000094700000, 0x0000000094700000| Untracked 
|  55|0x0000000094700000, 0x0000000094800000, 0x0000000094800000|100%| O|  |TAMS 0x0000000094800000, 0x0000000094800000| Untracked 
|  56|0x0000000094800000, 0x0000000094900000, 0x0000000094900000|100%| O|  |TAMS 0x0000000094900000, 0x0000000094900000| Untracked 
|  57|0x0000000094900000, 0x0000000094a00000, 0x0000000094a00000|100%| O|  |TAMS 0x0000000094a00000, 0x0000000094a00000| Untracked 
|  58|0x0000000094a00000, 0x0000000094b00000, 0x0000000094b00000|100%| O|  |TAMS 0x0000000094b00000, 0x0000000094b00000| Untracked 
|  59|0x0000000094b00000, 0x0000000094c00000, 0x0000000094c00000|100%| O|  |TAMS 0x0000000094c00000, 0x0000000094c00000| Untracked 
|  60|0x0000000094c00000, 0x0000000094d00000, 0x0000000094d00000|100%| O|  |TAMS 0x0000000094d00000, 0x0000000094d00000| Untracked 
|  61|0x0000000094d00000, 0x0000000094e00000, 0x0000000094e00000|100%| O|  |TAMS 0x0000000094e00000, 0x0000000094e00000| Untracked 
|  62|0x0000000094e00000, 0x0000000094f00000, 0x0000000094f00000|100%| O|  |TAMS 0x0000000094f00000, 0x0000000094f00000| Untracked 
|  63|0x0000000094f00000, 0x0000000095000000, 0x0000000095000000|100%| O|  |TAMS 0x0000000095000000, 0x0000000095000000| Untracked 
|  64|0x0000000095000000, 0x0000000095100000, 0x0000000095100000|100%| O|  |TAMS 0x0000000095100000, 0x0000000095100000| Untracked 
|  65|0x0000000095100000, 0x0000000095200000, 0x0000000095200000|100%| O|  |TAMS 0x0000000095200000, 0x0000000095200000| Untracked 
|  66|0x0000000095200000, 0x0000000095300000, 0x0000000095300000|100%| O|  |TAMS 0x0000000095300000, 0x0000000095300000| Untracked 
|  67|0x0000000095300000, 0x0000000095400000, 0x0000000095400000|100%| O|  |TAMS 0x0000000095400000, 0x0000000095400000| Untracked 
|  68|0x0000000095400000, 0x0000000095500000, 0x0000000095500000|100%| O|  |TAMS 0x0000000095500000, 0x0000000095500000| Untracked 
|  69|0x0000000095500000, 0x0000000095600000, 0x0000000095600000|100%| O|  |TAMS 0x0000000095600000, 0x0000000095600000| Untracked 
|  70|0x0000000095600000, 0x0000000095700000, 0x0000000095700000|100%|HS|  |TAMS 0x0000000095700000, 0x0000000095700000| Complete 
|  71|0x0000000095700000, 0x0000000095800000, 0x0000000095800000|100%|HC|  |TAMS 0x0000000095800000, 0x0000000095800000| Complete 
|  72|0x0000000095800000, 0x0000000095900000, 0x0000000095900000|100%|HS|  |TAMS 0x0000000095900000, 0x0000000095900000| Complete 
|  73|0x0000000095900000, 0x0000000095a00000, 0x0000000095a00000|100%|HC|  |TAMS 0x0000000095a00000, 0x0000000095a00000| Complete 
|  74|0x0000000095a00000, 0x0000000095b00000, 0x0000000095b00000|100%|HS|  |TAMS 0x0000000095b00000, 0x0000000095b00000| Complete 
|  75|0x0000000095b00000, 0x0000000095c00000, 0x0000000095c00000|100%|HC|  |TAMS 0x0000000095c00000, 0x0000000095c00000| Complete 
|  76|0x0000000095c00000, 0x0000000095d00000, 0x0000000095d00000|100%|HS|  |TAMS 0x0000000095d00000, 0x0000000095d00000| Complete 
|  77|0x0000000095d00000, 0x0000000095e00000, 0x0000000095e00000|100%|HC|  |TAMS 0x0000000095e00000, 0x0000000095e00000| Complete 
|  78|0x0000000095e00000, 0x0000000095f00000, 0x0000000095f00000|100%|HS|  |TAMS 0x0000000095f00000, 0x0000000095f00000| Complete 
|  79|0x0000000095f00000, 0x0000000096000000, 0x0000000096000000|100%|HC|  |TAMS 0x0000000096000000, 0x0000000096000000| Complete 
|  80|0x0000000096000000, 0x0000000096100000, 0x0000000096100000|100%|HC|  |TAMS 0x0000000096100000, 0x0000000096100000| Complete 
|  81|0x0000000096100000, 0x0000000096200000, 0x0000000096200000|100%|HS|  |TAMS 0x0000000096200000, 0x0000000096200000| Complete 
|  82|0x0000000096200000, 0x0000000096300000, 0x0000000096300000|100%|HC|  |TAMS 0x0000000096300000, 0x0000000096300000| Complete 
|  83|0x0000000096300000, 0x0000000096400000, 0x0000000096400000|100%|HC|  |TAMS 0x0000000096400000, 0x0000000096400000| Complete 
|  84|0x0000000096400000, 0x0000000096500000, 0x0000000096500000|100%|HC|  |TAMS 0x0000000096500000, 0x0000000096500000| Complete 
|  85|0x0000000096500000, 0x0000000096600000, 0x0000000096600000|100%|HC|  |TAMS 0x0000000096600000, 0x0000000096600000| Complete 
|  86|0x0000000096600000, 0x0000000096700000, 0x0000000096700000|100%| O|  |TAMS 0x0000000096700000, 0x0000000096700000| Untracked 
|  87|0x0000000096700000, 0x0000000096800000, 0x0000000096800000|100%| O|  |TAMS 0x0000000096800000, 0x0000000096800000| Untracked 
|  88|0x0000000096800000, 0x0000000096900000, 0x0000000096900000|100%| O|  |TAMS 0x0000000096900000, 0x0000000096900000| Untracked 
|  89|0x0000000096900000, 0x0000000096a00000, 0x0000000096a00000|100%| O|  |TAMS 0x0000000096a00000, 0x0000000096a00000| Untracked 
|  90|0x0000000096a00000, 0x0000000096b00000, 0x0000000096b00000|100%| O|  |TAMS 0x0000000096b00000, 0x0000000096b00000| Untracked 
|  91|0x0000000096b00000, 0x0000000096c00000, 0x0000000096c00000|100%| O|  |TAMS 0x0000000096c00000, 0x0000000096c00000| Untracked 
|  92|0x0000000096c00000, 0x0000000096d00000, 0x0000000096d00000|100%| O|  |TAMS 0x0000000096cf7400, 0x0000000096d00000| Untracked 
|  93|0x0000000096d00000, 0x0000000096e00000, 0x0000000096e00000|100%|HS|  |TAMS 0x0000000096d00000, 0x0000000096e00000| Complete 
|  94|0x0000000096e00000, 0x0000000096f00000, 0x0000000096f00000|100%|HC|  |TAMS 0x0000000096e00000, 0x0000000096f00000| Complete 
|  95|0x0000000096f00000, 0x0000000097000000, 0x0000000097000000|100%|HC|  |TAMS 0x0000000096f00000, 0x0000000097000000| Complete 
|  96|0x0000000097000000, 0x0000000097100000, 0x0000000097100000|100%|HC|  |TAMS 0x0000000097000000, 0x0000000097100000| Complete 
|  97|0x0000000097100000, 0x0000000097200000, 0x0000000097200000|100%|HC|  |TAMS 0x0000000097100000, 0x0000000097200000| Complete 
|  98|0x0000000097200000, 0x0000000097300000, 0x0000000097300000|100%|HC|  |TAMS 0x0000000097200000, 0x0000000097300000| Complete 
|  99|0x0000000097300000, 0x0000000097400000, 0x0000000097400000|100%|HC|  |TAMS 0x0000000097300000, 0x0000000097400000| Complete 
| 100|0x0000000097400000, 0x0000000097500000, 0x0000000097500000|100%|HC|  |TAMS 0x0000000097400000, 0x0000000097500000| Complete 
| 101|0x0000000097500000, 0x0000000097600000, 0x0000000097600000|100%|HC|  |TAMS 0x0000000097500000, 0x0000000097600000| Complete 
| 102|0x0000000097600000, 0x0000000097700000, 0x0000000097700000|100%|HC|  |TAMS 0x0000000097600000, 0x0000000097700000| Complete 
| 103|0x0000000097700000, 0x0000000097800000, 0x0000000097800000|100%| O|  |TAMS 0x0000000097700000, 0x0000000097800000| Untracked 
| 104|0x0000000097800000, 0x0000000097900000, 0x0000000097900000|100%| O|  |TAMS 0x0000000097800000, 0x0000000097900000| Untracked 
| 105|0x0000000097900000, 0x0000000097a00000, 0x0000000097a00000|100%| O|  |TAMS 0x0000000097900000, 0x0000000097a00000| Untracked 
| 106|0x0000000097a00000, 0x0000000097b00000, 0x0000000097b00000|100%| O|  |TAMS 0x0000000097a00000, 0x0000000097b00000| Untracked 
| 107|0x0000000097b00000, 0x0000000097bea200, 0x0000000097c00000| 91%| O|  |TAMS 0x0000000097b00000, 0x0000000097bea200| Untracked 
| 108|0x0000000097c00000, 0x0000000097c00000, 0x0000000097d00000|  0%| F|  |TAMS 0x0000000097c00000, 0x0000000097c00000| Untracked 
| 109|0x0000000097d00000, 0x0000000097d00000, 0x0000000097e00000|  0%| F|  |TAMS 0x0000000097d00000, 0x0000000097d00000| Untracked 
| 110|0x0000000097e00000, 0x0000000097e00000, 0x0000000097f00000|  0%| F|  |TAMS 0x0000000097e00000, 0x0000000097e00000| Untracked 
| 111|0x0000000097f00000, 0x0000000097f00000, 0x0000000098000000|  0%| F|  |TAMS 0x0000000097f00000, 0x0000000097f00000| Untracked 
| 112|0x0000000098000000, 0x0000000098000000, 0x0000000098100000|  0%| F|  |TAMS 0x0000000098000000, 0x0000000098000000| Untracked 
| 113|0x0000000098100000, 0x0000000098100000, 0x0000000098200000|  0%| F|  |TAMS 0x0000000098100000, 0x0000000098100000| Untracked 
| 114|0x0000000098200000, 0x0000000098200000, 0x0000000098300000|  0%| F|  |TAMS 0x0000000098200000, 0x0000000098200000| Untracked 
| 115|0x0000000098300000, 0x0000000098300000, 0x0000000098400000|  0%| F|  |TAMS 0x0000000098300000, 0x0000000098300000| Untracked 
| 116|0x0000000098400000, 0x0000000098400000, 0x0000000098500000|  0%| F|  |TAMS 0x0000000098400000, 0x0000000098400000| Untracked 
| 117|0x0000000098500000, 0x0000000098500000, 0x0000000098600000|  0%| F|  |TAMS 0x0000000098500000, 0x0000000098500000| Untracked 
| 118|0x0000000098600000, 0x0000000098600000, 0x0000000098700000|  0%| F|  |TAMS 0x0000000098600000, 0x0000000098600000| Untracked 
| 119|0x0000000098700000, 0x0000000098700000, 0x0000000098800000|  0%| F|  |TAMS 0x0000000098700000, 0x0000000098700000| Untracked 
| 120|0x0000000098800000, 0x0000000098800000, 0x0000000098900000|  0%| F|  |TAMS 0x0000000098800000, 0x0000000098800000| Untracked 
| 121|0x0000000098900000, 0x0000000098900000, 0x0000000098a00000|  0%| F|  |TAMS 0x0000000098900000, 0x0000000098900000| Untracked 
| 122|0x0000000098a00000, 0x0000000098a00000, 0x0000000098b00000|  0%| F|  |TAMS 0x0000000098a00000, 0x0000000098a00000| Untracked 
| 123|0x0000000098b00000, 0x0000000098b00000, 0x0000000098c00000|  0%| F|  |TAMS 0x0000000098b00000, 0x0000000098b00000| Untracked 
| 124|0x0000000098c00000, 0x0000000098c00000, 0x0000000098d00000|  0%| F|  |TAMS 0x0000000098c00000, 0x0000000098c00000| Untracked 
| 125|0x0000000098d00000, 0x0000000098d00000, 0x0000000098e00000|  0%| F|  |TAMS 0x0000000098d00000, 0x0000000098d00000| Untracked 
| 126|0x0000000098e00000, 0x0000000098e00000, 0x0000000098f00000|  0%| F|  |TAMS 0x0000000098e00000, 0x0000000098e00000| Untracked 
| 127|0x0000000098f00000, 0x0000000098f00000, 0x0000000099000000|  0%| F|  |TAMS 0x0000000098f00000, 0x0000000098f00000| Untracked 
| 128|0x0000000099000000, 0x0000000099000000, 0x0000000099100000|  0%| F|  |TAMS 0x0000000099000000, 0x0000000099000000| Untracked 
| 129|0x0000000099100000, 0x0000000099100000, 0x0000000099200000|  0%| F|  |TAMS 0x0000000099100000, 0x0000000099100000| Untracked 
| 130|0x0000000099200000, 0x0000000099200000, 0x0000000099300000|  0%| F|  |TAMS 0x0000000099200000, 0x0000000099200000| Untracked 
| 131|0x0000000099300000, 0x0000000099336700, 0x0000000099400000| 21%| S|CS|TAMS 0x0000000099300000, 0x0000000099300000| Complete 
| 132|0x0000000099400000, 0x0000000099500000, 0x0000000099500000|100%| S|CS|TAMS 0x0000000099400000, 0x0000000099400000| Complete 
| 133|0x0000000099500000, 0x0000000099600000, 0x0000000099600000|100%| S|CS|TAMS 0x0000000099500000, 0x0000000099500000| Complete 
| 134|0x0000000099600000, 0x0000000099700000, 0x0000000099700000|100%| S|CS|TAMS 0x0000000099600000, 0x0000000099600000| Complete 
| 135|0x0000000099700000, 0x0000000099800000, 0x0000000099800000|100%| S|CS|TAMS 0x0000000099700000, 0x0000000099700000| Complete 
| 136|0x0000000099800000, 0x0000000099900000, 0x0000000099900000|100%| S|CS|TAMS 0x0000000099800000, 0x0000000099800000| Complete 
| 137|0x0000000099900000, 0x0000000099900000, 0x0000000099a00000|  0%| F|  |TAMS 0x0000000099900000, 0x0000000099900000| Untracked 
| 138|0x0000000099a00000, 0x0000000099a00000, 0x0000000099b00000|  0%| F|  |TAMS 0x0000000099a00000, 0x0000000099a00000| Untracked 
| 139|0x0000000099b00000, 0x0000000099b00000, 0x0000000099c00000|  0%| F|  |TAMS 0x0000000099b00000, 0x0000000099b00000| Untracked 
| 140|0x0000000099c00000, 0x0000000099c00000, 0x0000000099d00000|  0%| F|  |TAMS 0x0000000099c00000, 0x0000000099c00000| Untracked 
| 141|0x0000000099d00000, 0x0000000099d00000, 0x0000000099e00000|  0%| F|  |TAMS 0x0000000099d00000, 0x0000000099d00000| Untracked 
| 142|0x0000000099e00000, 0x0000000099e00000, 0x0000000099f00000|  0%| F|  |TAMS 0x0000000099e00000, 0x0000000099e00000| Untracked 
| 143|0x0000000099f00000, 0x0000000099f00000, 0x000000009a000000|  0%| F|  |TAMS 0x0000000099f00000, 0x0000000099f00000| Untracked 
| 144|0x000000009a000000, 0x000000009a000000, 0x000000009a100000|  0%| F|  |TAMS 0x000000009a000000, 0x000000009a000000| Untracked 
| 145|0x000000009a100000, 0x000000009a100000, 0x000000009a200000|  0%| F|  |TAMS 0x000000009a100000, 0x000000009a100000| Untracked 
| 146|0x000000009a200000, 0x000000009a200000, 0x000000009a300000|  0%| F|  |TAMS 0x000000009a200000, 0x000000009a200000| Untracked 
| 147|0x000000009a300000, 0x000000009a300000, 0x000000009a400000|  0%| F|  |TAMS 0x000000009a300000, 0x000000009a300000| Untracked 
| 148|0x000000009a400000, 0x000000009a400000, 0x000000009a500000|  0%| F|  |TAMS 0x000000009a400000, 0x000000009a400000| Untracked 
| 149|0x000000009a500000, 0x000000009a500000, 0x000000009a600000|  0%| F|  |TAMS 0x000000009a500000, 0x000000009a500000| Untracked 
| 150|0x000000009a600000, 0x000000009a600000, 0x000000009a700000|  0%| F|  |TAMS 0x000000009a600000, 0x000000009a600000| Untracked 
| 151|0x000000009a700000, 0x000000009a700000, 0x000000009a800000|  0%| F|  |TAMS 0x000000009a700000, 0x000000009a700000| Untracked 
| 152|0x000000009a800000, 0x000000009a800000, 0x000000009a900000|  0%| F|  |TAMS 0x000000009a800000, 0x000000009a800000| Untracked 
| 153|0x000000009a900000, 0x000000009a900000, 0x000000009aa00000|  0%| F|  |TAMS 0x000000009a900000, 0x000000009a900000| Untracked 
| 154|0x000000009aa00000, 0x000000009aa00000, 0x000000009ab00000|  0%| F|  |TAMS 0x000000009aa00000, 0x000000009aa00000| Untracked 
| 155|0x000000009ab00000, 0x000000009ab00000, 0x000000009ac00000|  0%| F|  |TAMS 0x000000009ab00000, 0x000000009ab00000| Untracked 
| 156|0x000000009ac00000, 0x000000009ac00000, 0x000000009ad00000|  0%| F|  |TAMS 0x000000009ac00000, 0x000000009ac00000| Untracked 
| 157|0x000000009ad00000, 0x000000009ad00000, 0x000000009ae00000|  0%| F|  |TAMS 0x000000009ad00000, 0x000000009ad00000| Untracked 
| 158|0x000000009ae00000, 0x000000009ae00000, 0x000000009af00000|  0%| F|  |TAMS 0x000000009ae00000, 0x000000009ae00000| Untracked 
| 159|0x000000009af00000, 0x000000009af00000, 0x000000009b000000|  0%| F|  |TAMS 0x000000009af00000, 0x000000009af00000| Untracked 
| 160|0x000000009b000000, 0x000000009b000000, 0x000000009b100000|  0%| F|  |TAMS 0x000000009b000000, 0x000000009b000000| Untracked 
| 161|0x000000009b100000, 0x000000009b100000, 0x000000009b200000|  0%| F|  |TAMS 0x000000009b100000, 0x000000009b100000| Untracked 
| 162|0x000000009b200000, 0x000000009b200000, 0x000000009b300000|  0%| F|  |TAMS 0x000000009b200000, 0x000000009b200000| Untracked 
| 163|0x000000009b300000, 0x000000009b300000, 0x000000009b400000|  0%| F|  |TAMS 0x000000009b300000, 0x000000009b300000| Untracked 
| 164|0x000000009b400000, 0x000000009b400000, 0x000000009b500000|  0%| F|  |TAMS 0x000000009b400000, 0x000000009b400000| Untracked 
| 165|0x000000009b500000, 0x000000009b500000, 0x000000009b600000|  0%| F|  |TAMS 0x000000009b500000, 0x000000009b500000| Untracked 
| 166|0x000000009b600000, 0x000000009b600000, 0x000000009b700000|  0%| F|  |TAMS 0x000000009b600000, 0x000000009b600000| Untracked 
| 167|0x000000009b700000, 0x000000009b700000, 0x000000009b800000|  0%| F|  |TAMS 0x000000009b700000, 0x000000009b700000| Untracked 
| 168|0x000000009b800000, 0x000000009b800000, 0x000000009b900000|  0%| F|  |TAMS 0x000000009b800000, 0x000000009b800000| Untracked 
| 169|0x000000009b900000, 0x000000009b900000, 0x000000009ba00000|  0%| F|  |TAMS 0x000000009b900000, 0x000000009b900000| Untracked 
| 170|0x000000009ba00000, 0x000000009ba00000, 0x000000009bb00000|  0%| F|  |TAMS 0x000000009ba00000, 0x000000009ba00000| Untracked 
| 171|0x000000009bb00000, 0x000000009bb00000, 0x000000009bc00000|  0%| F|  |TAMS 0x000000009bb00000, 0x000000009bb00000| Untracked 
| 172|0x000000009bc00000, 0x000000009bc00000, 0x000000009bd00000|  0%| F|  |TAMS 0x000000009bc00000, 0x000000009bc00000| Untracked 
| 173|0x000000009bd00000, 0x000000009bd00000, 0x000000009be00000|  0%| F|  |TAMS 0x000000009bd00000, 0x000000009bd00000| Untracked 
| 174|0x000000009be00000, 0x000000009be00000, 0x000000009bf00000|  0%| F|  |TAMS 0x000000009be00000, 0x000000009be00000| Untracked 
| 175|0x000000009bf00000, 0x000000009bf00000, 0x000000009c000000|  0%| F|  |TAMS 0x000000009bf00000, 0x000000009bf00000| Untracked 
| 176|0x000000009c000000, 0x000000009c000000, 0x000000009c100000|  0%| F|  |TAMS 0x000000009c000000, 0x000000009c000000| Untracked 
| 177|0x000000009c100000, 0x000000009c100000, 0x000000009c200000|  0%| F|  |TAMS 0x000000009c100000, 0x000000009c100000| Untracked 
|1772|0x00000000ffc00000, 0x00000000ffd00000, 0x00000000ffd00000|100%| O|  |TAMS 0x00000000ffd00000, 0x00000000ffd00000| Untracked 
|1773|0x00000000ffd00000, 0x00000000ffd00000, 0x00000000ffe00000|  0%| F|  |TAMS 0x00000000ffd00000, 0x00000000ffd00000| Untracked 
|1774|0x00000000ffe00000, 0x00000000ffe00000, 0x00000000fff00000|  0%| F|  |TAMS 0x00000000ffe00000, 0x00000000ffe00000| Untracked 
|1775|0x00000000fff00000, 0x00000000fff00000, 0x0000000100000000|  0%| F|  |TAMS 0x00000000fff00000, 0x00000000fff00000| Untracked 

Card table byte_map: [0x00000187cecf0000,0x00000187cf070000] _byte_map_base: 0x00000187ce868000

Marking Bits (Prev, Next): (CMBitMap*) 0x00000187b7e4c210, (CMBitMap*) 0x00000187b7e4c250
 Prev Bits: [0x00000187cf3f0000, 0x00000187d0fb0000)
 Next Bits: [0x00000187d0fb0000, 0x00000187d2b70000)

Polling page: 0x00000187b5ce0000

Metaspace:

Usage:
  Non-class:     40.50 MB used.
      Class:      5.30 MB used.
       Both:     45.80 MB used.

Virtual space:
  Non-class space:       48.00 MB reserved,      40.81 MB ( 85%) committed,  6 nodes.
      Class space:        1.00 GB reserved,       5.62 MB ( <1%) committed,  1 nodes.
             Both:        1.05 GB reserved,      46.44 MB (  4%) committed. 

Chunk freelists:
   Non-Class:  3.00 MB
       Class:  2.23 MB
        Both:  5.23 MB

MaxMetaspaceSize: unlimited
CompressedClassSpaceSize: 1.00 GB
Initial GC threshold: 21.00 MB
Current GC threshold: 75.12 MB
CDS: on
MetaspaceReclaimPolicy: balanced
 - commit_granule_bytes: 65536.
 - commit_granule_words: 8192.
 - virtual_space_node_default_size: 1048576.
 - enlarge_chunks_in_place: 1.
 - new_chunks_are_fully_committed: 0.
 - uncommit_free_chunks: 1.
 - use_allocation_guard: 0.
 - handle_deallocations: 1.


Internal statistics:

num_allocs_failed_limit: 6.
num_arena_births: 276.
num_arena_deaths: 0.
num_vsnodes_births: 7.
num_vsnodes_deaths: 0.
num_space_committed: 743.
num_space_uncommitted: 0.
num_chunks_returned_to_freelist: 6.
num_chunks_taken_from_freelist: 2098.
num_chunk_merges: 6.
num_chunk_splits: 1536.
num_chunks_enlarged: 1218.
num_purges: 0.
num_inconsistent_stats: 0.

CodeHeap 'non-profiled nmethods': size=120000Kb used=6645Kb max_used=6645Kb free=113354Kb
 bounds [0x00000187c7110000, 0x00000187c7790000, 0x00000187ce640000]
CodeHeap 'profiled nmethods': size=120000Kb used=18187Kb max_used=18187Kb free=101812Kb
 bounds [0x00000187bfbe0000, 0x00000187c0db0000, 0x00000187c7110000]
CodeHeap 'non-nmethods': size=5760Kb used=1221Kb max_used=1321Kb free=4538Kb
 bounds [0x00000187bf640000, 0x00000187bf8b0000, 0x00000187bfbe0000]
 total_blobs=9292 nmethods=8769 adapters=435
 compilation: enabled
              stopped_count=0, restarted_count=0
 full_count=0

Compilation events (20 events):
Event: 35.145 Thread 0x00000187d5599e40 10544       4       org.codehaus.plexus.components.io.resources.AbstractPlexusIoArchiveResourceCollection$FilteringIterator::hasNext (5 bytes)
Event: 35.180 Thread 0x00000187d5599e40 nmethod 10544 0x00000187c7783410 code [0x00000187c7783640, 0x00000187c7784788]
Event: 35.180 Thread 0x00000187d5599e40 10545   !   4       org.codehaus.plexus.components.io.resources.AbstractPlexusIoArchiveResourceCollection$FilteringIterator::doNext (61 bytes)
Event: 35.212 Thread 0x00000187d5599e40 nmethod 10545 0x00000187c7785390 code [0x00000187c77855c0, 0x00000187c7786708]
Event: 35.212 Thread 0x00000187d5599e40 10548       4       org.codehaus.plexus.components.io.resources.AbstractPlexusIoArchiveResourceCollection$FilteringIterator::next (5 bytes)
Event: 35.213 Thread 0x00000187d5599e40 nmethod 10548 0x00000187c7787310 code [0x00000187c7787480, 0x00000187c7787558]
Event: 35.213 Thread 0x00000187d5599e40 10546       4       org.codehaus.plexus.archiver.zip.PlexusIoZipFileResourceCollection$ZipFileResourceIterator::hasNext (10 bytes)
Event: 35.214 Thread 0x00000187d5599e40 nmethod 10546 0x00000187c7787610 code [0x00000187c77877a0, 0x00000187c77878b8]
Event: 35.214 Thread 0x00000187d5599e40 10547       4       org.codehaus.plexus.archiver.zip.PlexusIoZipFileResourceCollection$ZipFileResourceIterator::next (5 bytes)
Event: 35.239 Thread 0x00000187d5599e40 nmethod 10547 0x00000187c7787a10 code [0x00000187c7787c00, 0x00000187c7788ab8]
Event: 35.255 Thread 0x00000187d5599e40 10549   !   4       org.codehaus.plexus.archiver.zip.AbstractZipArchiver$1::get (18 bytes)
Event: 35.258 Thread 0x00000187d5599e40 nmethod 10549 0x00000187c7789490 code [0x00000187c7789640, 0x00000187c7789868]
Event: 35.258 Thread 0x00000187d5599e40 10550   !   4       jdk.proxy6.$Proxy34::getContents (29 bytes)
Event: 35.261 Thread 0x00000187d5599e40 nmethod 10550 0x00000187c7789a90 code [0x00000187c7789c40, 0x00000187c7789e28]
Event: 35.332 Thread 0x00000187d5599e40 10551       4       org.apache.commons.compress.archivers.zip.StreamCompressor::deflate (49 bytes)
Event: 35.354 Thread 0x00000187d5599e40 nmethod 10551 0x00000187c7789f90 code [0x00000187c778a1c0, 0x00000187c778b590]
Event: 35.363 Thread 0x00000187d5599e40 10552       4       org.codehaus.plexus.components.io.resources.AbstractPlexusIoResourceCollectionWithAttributes::mergeAttributes (35 bytes)
Event: 35.365 Thread 0x00000187d5599e40 nmethod 10552 0x00000187c778c290 code [0x00000187c778c420, 0x00000187c778c4f8]
Event: 35.418 Thread 0x00000187d5599e40 10553   !   4       org.codehaus.plexus.components.io.resources.proxy.ForwardingIterator::hasNext (41 bytes)
Event: 35.430 Thread 0x00000187d5599e40 nmethod 10553 0x00000187c778c610 code [0x00000187c778c840, 0x00000187c778cf30]

GC Heap History (20 events):
Event: 25.317 GC heap after
{Heap after GC invocations=27 (full 0):
 garbage-first heap   total 152576K, used 70980K [0x0000000091000000, 0x0000000100000000)
  region size 1024K, 4 young (4096K), 4 survivors (4096K)
 Metaspace       used 43826K, committed 44416K, reserved 1089536K
  class space    used 5059K, committed 5376K, reserved 1048576K
}
Event: 27.523 GC heap before
{Heap before GC invocations=28 (full 0):
 garbage-first heap   total 152576K, used 124228K [0x0000000091000000, 0x0000000100000000)
  region size 1024K, 59 young (60416K), 4 survivors (4096K)
 Metaspace       used 45322K, committed 45952K, reserved 1089536K
  class space    used 5279K, committed 5568K, reserved 1048576K
}
Event: 27.537 GC heap after
{Heap after GC invocations=29 (full 0):
 garbage-first heap   total 152576K, used 73668K [0x0000000091000000, 0x0000000100000000)
  region size 1024K, 8 young (8192K), 8 survivors (8192K)
 Metaspace       used 45322K, committed 45952K, reserved 1089536K
  class space    used 5279K, committed 5568K, reserved 1048576K
}
Event: 27.549 GC heap before
{Heap before GC invocations=29 (full 0):
 garbage-first heap   total 152576K, used 74692K [0x0000000091000000, 0x0000000100000000)
  region size 1024K, 9 young (9216K), 8 survivors (8192K)
 Metaspace       used 45322K, committed 45952K, reserved 1089536K
  class space    used 5279K, committed 5568K, reserved 1048576K
}
Event: 27.560 GC heap after
{Heap after GC invocations=30 (full 0):
 garbage-first heap   total 152576K, used 66682K [0x0000000091000000, 0x0000000100000000)
  region size 1024K, 1 young (1024K), 1 survivors (1024K)
 Metaspace       used 45322K, committed 45952K, reserved 1089536K
  class space    used 5279K, committed 5568K, reserved 1048576K
}
Event: 29.247 GC heap before
{Heap before GC invocations=30 (full 0):
 garbage-first heap   total 152576K, used 125050K [0x0000000091000000, 0x0000000100000000)
  region size 1024K, 57 young (58368K), 1 survivors (1024K)
 Metaspace       used 45324K, committed 45952K, reserved 1089536K
  class space    used 5279K, committed 5568K, reserved 1048576K
}
Event: 29.258 GC heap after
{Heap after GC invocations=31 (full 0):
 garbage-first heap   total 152576K, used 74081K [0x0000000091000000, 0x0000000100000000)
  region size 1024K, 8 young (8192K), 8 survivors (8192K)
 Metaspace       used 45324K, committed 45952K, reserved 1089536K
  class space    used 5279K, committed 5568K, reserved 1048576K
}
Event: 30.109 GC heap before
{Heap before GC invocations=31 (full 0):
 garbage-first heap   total 152576K, used 119137K [0x0000000091000000, 0x0000000100000000)
  region size 1024K, 53 young (54272K), 8 survivors (8192K)
 Metaspace       used 45434K, committed 46016K, reserved 1089536K
  class space    used 5292K, committed 5568K, reserved 1048576K
}
Event: 30.123 GC heap after
{Heap after GC invocations=32 (full 0):
 garbage-first heap   total 152576K, used 79310K [0x0000000091000000, 0x0000000100000000)
  region size 1024K, 5 young (5120K), 5 survivors (5120K)
 Metaspace       used 45434K, committed 46016K, reserved 1089536K
  class space    used 5292K, committed 5568K, reserved 1048576K
}
Event: 31.280 GC heap before
{Heap before GC invocations=33 (full 0):
 garbage-first heap   total 152576K, used 134606K [0x0000000091000000, 0x0000000100000000)
  region size 1024K, 48 young (49152K), 5 survivors (5120K)
 Metaspace       used 45579K, committed 46208K, reserved 1089536K
  class space    used 5304K, committed 5632K, reserved 1048576K
}
Event: 31.295 GC heap after
{Heap after GC invocations=34 (full 0):
 garbage-first heap   total 152576K, used 95601K [0x0000000091000000, 0x0000000100000000)
  region size 1024K, 5 young (5120K), 5 survivors (5120K)
 Metaspace       used 45579K, committed 46208K, reserved 1089536K
  class space    used 5304K, committed 5632K, reserved 1048576K
}
Event: 31.349 GC heap before
{Heap before GC invocations=34 (full 0):
 garbage-first heap   total 152576K, used 97649K [0x0000000091000000, 0x0000000100000000)
  region size 1024K, 7 young (7168K), 5 survivors (5120K)
 Metaspace       used 45579K, committed 46208K, reserved 1089536K
  class space    used 5304K, committed 5632K, reserved 1048576K
}
Event: 31.355 GC heap after
{Heap after GC invocations=35 (full 0):
 garbage-first heap   total 152576K, used 95083K [0x0000000091000000, 0x0000000100000000)
  region size 1024K, 1 young (1024K), 1 survivors (1024K)
 Metaspace       used 45579K, committed 46208K, reserved 1089536K
  class space    used 5304K, committed 5632K, reserved 1048576K
}
Event: 32.006 GC heap before
{Heap before GC invocations=35 (full 0):
 garbage-first heap   total 152576K, used 122731K [0x0000000091000000, 0x0000000100000000)
  region size 1024K, 29 young (29696K), 1 survivors (1024K)
 Metaspace       used 45586K, committed 46208K, reserved 1089536K
  class space    used 5304K, committed 5632K, reserved 1048576K
}
Event: 32.013 GC heap after
{Heap after GC invocations=36 (full 0):
 garbage-first heap   total 152576K, used 97501K [0x0000000091000000, 0x0000000100000000)
  region size 1024K, 4 young (4096K), 4 survivors (4096K)
 Metaspace       used 45586K, committed 46208K, reserved 1089536K
  class space    used 5304K, committed 5632K, reserved 1048576K
}
Event: 32.869 GC heap before
{Heap before GC invocations=37 (full 0):
 garbage-first heap   total 186368K, used 137437K [0x0000000091000000, 0x0000000100000000)
  region size 1024K, 33 young (33792K), 4 survivors (4096K)
 Metaspace       used 45650K, committed 46272K, reserved 1089536K
  class space    used 5311K, committed 5632K, reserved 1048576K
}
Event: 32.878 GC heap after
{Heap after GC invocations=38 (full 0):
 garbage-first heap   total 186368K, used 110640K [0x0000000091000000, 0x0000000100000000)
  region size 1024K, 3 young (3072K), 3 survivors (3072K)
 Metaspace       used 45650K, committed 46272K, reserved 1089536K
  class space    used 5311K, committed 5632K, reserved 1048576K
}
Event: 33.020 GC heap before
{Heap before GC invocations=38 (full 0):
 garbage-first heap   total 186368K, used 116784K [0x0000000091000000, 0x0000000100000000)
  region size 1024K, 9 young (9216K), 3 survivors (3072K)
 Metaspace       used 45650K, committed 46272K, reserved 1089536K
  class space    used 5311K, committed 5632K, reserved 1048576K
}
Event: 33.025 GC heap after
{Heap after GC invocations=39 (full 0):
 garbage-first heap   total 186368K, used 110388K [0x0000000091000000, 0x0000000100000000)
  region size 1024K, 1 young (1024K), 1 survivors (1024K)
 Metaspace       used 45650K, committed 46272K, reserved 1089536K
  class space    used 5311K, committed 5632K, reserved 1048576K
}
Event: 35.447 GC heap before
{Heap before GC invocations=39 (full 0):
 garbage-first heap   total 186368K, used 154420K [0x0000000091000000, 0x0000000100000000)
  region size 1024K, 44 young (45056K), 1 survivors (1024K)
 Metaspace       used 46901K, committed 47552K, reserved 1097728K
  class space    used 5431K, committed 5760K, reserved 1048576K
}

Deoptimization events (20 events):
Event: 33.402 Thread 0x00000187b7e0c160 DEOPT PACKING pc=0x00000187c74de81c sp=0x00000051b27fd350
Event: 33.402 Thread 0x00000187b7e0c160 DEOPT UNPACKING pc=0x00000187bf6923a3 sp=0x00000051b27fd2e8 mode 2
Event: 33.402 Thread 0x00000187b7e0c160 Uncommon trap: trap_request=0xffffffde fr.pc=0x00000187c775e2fc relative=0x00000000000000bc
Event: 33.402 Thread 0x00000187b7e0c160 Uncommon trap: reason=class_check action=maybe_recompile pc=0x00000187c775e2fc method=jdk.proxy6.$Proxy34.getContents()Ljava/io/InputStream; @ 14 c2
Event: 33.402 Thread 0x00000187b7e0c160 DEOPT PACKING pc=0x00000187c775e2fc sp=0x00000051b27fd4e0
Event: 33.402 Thread 0x00000187b7e0c160 DEOPT UNPACKING pc=0x00000187bf6923a3 sp=0x00000051b27fd3a8 mode 2
Event: 33.489 Thread 0x00000187b7e0c160 DEOPT PACKING pc=0x00000187c0a0b6f7 sp=0x00000051b27fd170
Event: 33.489 Thread 0x00000187b7e0c160 DEOPT UNPACKING pc=0x00000187bf692b43 sp=0x00000051b27fc590 mode 0
Event: 33.570 Thread 0x00000187b7e0c160 Uncommon trap: trap_request=0xffffffde fr.pc=0x00000187c775e2fc relative=0x00000000000000bc
Event: 33.570 Thread 0x00000187b7e0c160 Uncommon trap: reason=class_check action=maybe_recompile pc=0x00000187c775e2fc method=jdk.proxy6.$Proxy34.getContents()Ljava/io/InputStream; @ 14 c2
Event: 33.570 Thread 0x00000187b7e0c160 DEOPT PACKING pc=0x00000187c775e2fc sp=0x00000051b27fd4e0
Event: 33.570 Thread 0x00000187b7e0c160 DEOPT UNPACKING pc=0x00000187bf6923a3 sp=0x00000051b27fd3a8 mode 2
Event: 33.722 Thread 0x00000187b7e0c160 Uncommon trap: trap_request=0xffffffde fr.pc=0x00000187c775e2fc relative=0x00000000000000bc
Event: 33.722 Thread 0x00000187b7e0c160 Uncommon trap: reason=class_check action=maybe_recompile pc=0x00000187c775e2fc method=jdk.proxy6.$Proxy34.getContents()Ljava/io/InputStream; @ 14 c2
Event: 33.722 Thread 0x00000187b7e0c160 DEOPT PACKING pc=0x00000187c775e2fc sp=0x00000051b27fd4e0
Event: 33.722 Thread 0x00000187b7e0c160 DEOPT UNPACKING pc=0x00000187bf6923a3 sp=0x00000051b27fd3a8 mode 2
Event: 33.881 Thread 0x00000187b7e0c160 Uncommon trap: trap_request=0xffffffde fr.pc=0x00000187c775e838 relative=0x0000000000000098
Event: 33.881 Thread 0x00000187b7e0c160 Uncommon trap: reason=class_check action=maybe_recompile pc=0x00000187c775e838 method=jdk.proxy6.$Proxy34.getContents()Ljava/io/InputStream; @ 14 c2
Event: 33.881 Thread 0x00000187b7e0c160 DEOPT PACKING pc=0x00000187c775e838 sp=0x00000051b27fd420
Event: 33.881 Thread 0x00000187b7e0c160 DEOPT UNPACKING pc=0x00000187bf6923a3 sp=0x00000051b27fd3b0 mode 2

Classes unloaded (0 events):
No events

Classes redefined (0 events):
No events

Internal exceptions (20 events):
Event: 18.080 Thread 0x00000187b7e0c160 Exception <a 'sun/nio/fs/WindowsException'{0x00000000967fa4a8}> (0x00000000967fa4a8) 
thrown [t:\workspace\open\src\hotspot\share\prims\jni.cpp, line 516]
Event: 18.080 Thread 0x00000187b7e0c160 Exception <a 'sun/nio/fs/WindowsException'{0x00000000967fb5c8}> (0x00000000967fb5c8) 
thrown [t:\workspace\open\src\hotspot\share\prims\jni.cpp, line 516]
Event: 18.080 Thread 0x00000187b7e0c160 Exception <a 'sun/nio/fs/WindowsException'{0x00000000967fc6d0}> (0x00000000967fc6d0) 
thrown [t:\workspace\open\src\hotspot\share\prims\jni.cpp, line 516]
Event: 18.117 Thread 0x00000187b7e0c160 Exception <a 'sun/nio/fs/WindowsException'{0x00000000965c34b0}> (0x00000000965c34b0) 
thrown [t:\workspace\open\src\hotspot\share\prims\jni.cpp, line 516]
Event: 18.117 Thread 0x00000187b7e0c160 Exception <a 'sun/nio/fs/WindowsException'{0x00000000965c4d60}> (0x00000000965c4d60) 
thrown [t:\workspace\open\src\hotspot\share\prims\jni.cpp, line 516]
Event: 18.117 Thread 0x00000187b7e0c160 Exception <a 'sun/nio/fs/WindowsException'{0x00000000965c6648}> (0x00000000965c6648) 
thrown [t:\workspace\open\src\hotspot\share\prims\jni.cpp, line 516]
Event: 18.117 Thread 0x00000187b7e0c160 Exception <a 'sun/nio/fs/WindowsException'{0x00000000965c7ef8}> (0x00000000965c7ef8) 
thrown [t:\workspace\open\src\hotspot\share\prims\jni.cpp, line 516]
Event: 18.157 Thread 0x00000187b7e0c160 Exception <a 'sun/nio/fs/WindowsException'{0x00000000964db698}> (0x00000000964db698) 
thrown [t:\workspace\open\src\hotspot\share\prims\jni.cpp, line 516]
Event: 18.158 Thread 0x00000187b7e0c160 Exception <a 'sun/nio/fs/WindowsException'{0x00000000964dcfa0}> (0x00000000964dcfa0) 
thrown [t:\workspace\open\src\hotspot\share\prims\jni.cpp, line 516]
Event: 18.158 Thread 0x00000187b7e0c160 Exception <a 'sun/nio/fs/WindowsException'{0x00000000964de8e0}> (0x00000000964de8e0) 
thrown [t:\workspace\open\src\hotspot\share\prims\jni.cpp, line 516]
Event: 18.158 Thread 0x00000187b7e0c160 Exception <a 'sun/nio/fs/WindowsException'{0x00000000964e01e8}> (0x00000000964e01e8) 
thrown [t:\workspace\open\src\hotspot\share\prims\jni.cpp, line 516]
Event: 18.289 Thread 0x00000187b7e0c160 Exception <a 'java/lang/NoClassDefFoundError'{0x000000009606eed0}: com/google/inject/ConfigurationException> (0x000000009606eed0) 
thrown [t:\workspace\open\src\hotspot\share\classfile\systemDictionary.cpp, line 245]
Event: 19.017 Thread 0x00000187b7e0c160 Exception <a 'java/lang/NoClassDefFoundError'{0x0000000098b37ee8}: org/sonatype/aether/version/VersionConstraint> (0x0000000098b37ee8) 
thrown [t:\workspace\open\src\hotspot\share\classfile\systemDictionary.cpp, line 245]
Event: 20.884 Thread 0x00000187b7e0c160 Exception <a 'java/lang/NoClassDefFoundError'{0x000000009918fa40}: com/google/inject/ConfigurationException> (0x000000009918fa40) 
thrown [t:\workspace\open\src\hotspot\share\classfile\systemDictionary.cpp, line 245]
Event: 23.426 Thread 0x00000187b7e0c160 Exception <a 'java/lang/NoClassDefFoundError'{0x0000000099239df0}: org/sonatype/aether/version/VersionConstraint> (0x0000000099239df0) 
thrown [t:\workspace\open\src\hotspot\share\classfile\systemDictionary.cpp, line 245]
Event: 24.676 Thread 0x00000187b7e0c160 Exception <a 'java/lang/NoClassDefFoundError'{0x0000000096782f08}: org/sonatype/aether/version/VersionConstraint> (0x0000000096782f08) 
thrown [t:\workspace\open\src\hotspot\share\classfile\systemDictionary.cpp, line 245]
Event: 25.445 Thread 0x00000187d557a370 Implicit null exception at 0x00000187c7296c70 to 0x00000187c7296de4
Event: 25.445 Thread 0x00000187d557a370 Implicit null exception at 0x00000187c729f267 to 0x00000187c729f3d4
Event: 25.771 Thread 0x00000187b7e0c160 Exception <a 'java/lang/NoClassDefFoundError'{0x0000000099b62128}: org/sonatype/aether/version/VersionConstraint> (0x0000000099b62128) 
thrown [t:\workspace\open\src\hotspot\share\classfile\systemDictionary.cpp, line 245]
Event: 32.769 Thread 0x00000187b7e0c160 Exception <a 'java/lang/NoSuchMethodError'{0x000000009abe8f58}: 'java.lang.Object java.lang.invoke.DirectMethodHandle$Holder.invokeStaticInit(java.lang.Object, java.lang.Object, int, int, int, int)'> (0x000000009abe8f58) 
thrown [t:\workspace\open\src\hotspot\share\interpreter\linkResolver.cpp, line 766]

VM Operations (20 events):
Event: 32.124 Executing VM operation: G1Concurrent done
Event: 32.683 Executing VM operation: HandshakeAllThreads
Event: 32.683 Executing VM operation: HandshakeAllThreads done
Event: 32.869 Executing VM operation: G1CollectForAllocation
Event: 32.878 Executing VM operation: G1CollectForAllocation done
Event: 33.020 Executing VM operation: G1CollectForAllocation
Event: 33.025 Executing VM operation: G1CollectForAllocation done
Event: 33.210 Executing VM operation: HandshakeAllThreads
Event: 33.210 Executing VM operation: HandshakeAllThreads done
Event: 33.214 Executing VM operation: HandshakeAllThreads
Event: 33.214 Executing VM operation: HandshakeAllThreads done
Event: 33.257 Executing VM operation: HandshakeAllThreads
Event: 33.257 Executing VM operation: HandshakeAllThreads done
Event: 33.258 Executing VM operation: HandshakeAllThreads
Event: 33.258 Executing VM operation: HandshakeAllThreads done
Event: 34.269 Executing VM operation: Cleanup
Event: 34.270 Executing VM operation: Cleanup done
Event: 35.277 Executing VM operation: Cleanup
Event: 35.277 Executing VM operation: Cleanup done
Event: 35.447 Executing VM operation: G1CollectForAllocation

Events (20 events):
Event: 33.273 loading class java/security/interfaces/ECKey
Event: 33.273 loading class java/security/interfaces/ECKey done
Event: 33.273 loading class java/security/interfaces/XECKey
Event: 33.273 loading class java/security/interfaces/XECKey done
Event: 33.274 loading class sun/security/util/KeyUtil
Event: 33.274 loading class sun/security/util/KeyUtil done
Event: 33.275 loading class sun/security/util/Length
Event: 33.275 loading class sun/security/util/Length done
Event: 33.275 loading class javax/crypto/SecretKey
Event: 33.275 loading class javax/crypto/SecretKey done
Event: 33.276 loading class java/util/Base64
Event: 33.276 loading class java/util/Base64 done
Event: 33.276 loading class java/util/Base64$Decoder
Event: 33.276 loading class java/util/Base64$Decoder done
Event: 33.277 loading class java/util/Base64$Encoder
Event: 33.277 loading class java/util/Base64$Encoder done
Event: 33.277 loading class java/util/jar/JarVerifier$VerifierStream
Event: 33.278 loading class java/util/jar/JarVerifier$VerifierStream done
Event: 33.278 loading class sun/security/util/ManifestEntryVerifier$SunProviderHolder
Event: 33.278 loading class sun/security/util/ManifestEntryVerifier$SunProviderHolder done


Dynamic libraries:
0x00007ff68fa50000 - 0x00007ff68fa60000 	C:\Program Files\Java\jdk-17.0.2\bin\java.exe
0x00007ffdfcaf0000 - 0x00007ffdfcd07000 	C:\WINDOWS\SYSTEM32\ntdll.dll
0x00007ffdfc460000 - 0x00007ffdfc524000 	C:\WINDOWS\System32\KERNEL32.DLL
0x00007ffdfa430000 - 0x00007ffdfa7d7000 	C:\WINDOWS\System32\KERNELBASE.dll
0x00007ffdfa310000 - 0x00007ffdfa421000 	C:\WINDOWS\System32\ucrtbase.dll
0x00007ffdd7750000 - 0x00007ffdd7768000 	C:\Program Files\Java\jdk-17.0.2\bin\jli.dll
0x00007ffdd7780000 - 0x00007ffdd779a000 	C:\Program Files\Java\jdk-17.0.2\bin\VCRUNTIME140.dll
0x00007ffdfbb50000 - 0x00007ffdfbc00000 	C:\WINDOWS\System32\ADVAPI32.dll
0x00007ffdfadd0000 - 0x00007ffdfae77000 	C:\WINDOWS\System32\msvcrt.dll
0x00007ffdfb420000 - 0x00007ffdfb4c6000 	C:\WINDOWS\System32\sechost.dll
0x00007ffdfaa60000 - 0x00007ffdfab77000 	C:\WINDOWS\System32\RPCRT4.dll
0x00007ffdfae80000 - 0x00007ffdfb02e000 	C:\WINDOWS\System32\USER32.dll
0x00007ffdfa100000 - 0x00007ffdfa126000 	C:\WINDOWS\System32\win32u.dll
0x00007ffdfb990000 - 0x00007ffdfb9b9000 	C:\WINDOWS\System32\GDI32.dll
0x00007ffde1550000 - 0x00007ffde17e3000 	C:\WINDOWS\WinSxS\amd64_microsoft.windows.common-controls_6595b64144ccf1df_6.0.22621.2506_none_270c5ae97388e100\COMCTL32.dll
0x00007ffdf9fe0000 - 0x00007ffdfa0f9000 	C:\WINDOWS\System32\gdi32full.dll
0x00007ffdfa130000 - 0x00007ffdfa1ca000 	C:\WINDOWS\System32\msvcp_win.dll
0x00007ffdf9800000 - 0x00007ffdf980a000 	C:\WINDOWS\SYSTEM32\VERSION.dll
0x00007ffdfba10000 - 0x00007ffdfba41000 	C:\WINDOWS\System32\IMM32.DLL
0x0000000065c20000 - 0x0000000065c2c000 	C:\Program Files (x86)\360\Total Security\safemon\SafeWrapper.dll
0x00007ffdc49b0000 - 0x00007ffdc4a42000 	C:\Program Files (x86)\360\Total Security\safemon\libzdtp64.dll
0x00007ffdfbc00000 - 0x00007ffdfc459000 	C:\WINDOWS\System32\SHELL32.dll
0x00007ffdfb520000 - 0x00007ffdfb57e000 	C:\WINDOWS\System32\SHLWAPI.dll
0x00007ffdf05b0000 - 0x00007ffdf05bc000 	C:\Program Files\Java\jdk-17.0.2\bin\vcruntime140_1.dll
0x00007ffdc5330000 - 0x00007ffdc53bd000 	C:\Program Files\Java\jdk-17.0.2\bin\msvcp140.dll
0x00007ffdbcce0000 - 0x00007ffdbd8a1000 	C:\Program Files\Java\jdk-17.0.2\bin\server\jvm.dll
0x00007ffdfb790000 - 0x00007ffdfb798000 	C:\WINDOWS\System32\PSAPI.DLL
0x00007ffdf18a0000 - 0x00007ffdf18d4000 	C:\WINDOWS\SYSTEM32\WINMM.dll
0x00007ffdd4790000 - 0x00007ffdd4799000 	C:\WINDOWS\SYSTEM32\WSOCK32.dll
0x00007ffdfab80000 - 0x00007ffdfabf1000 	C:\WINDOWS\System32\WS2_32.dll
0x00007ffdf8d60000 - 0x00007ffdf8d78000 	C:\WINDOWS\SYSTEM32\kernel.appcore.dll
0x00007ffdf0560000 - 0x00007ffdf056a000 	C:\Program Files\Java\jdk-17.0.2\bin\jimage.dll
0x00007ffded2d0000 - 0x00007ffded503000 	C:\WINDOWS\SYSTEM32\DBGHELP.DLL
0x00007ffdfb030000 - 0x00007ffdfb3b9000 	C:\WINDOWS\System32\combase.dll
0x00007ffdfb6b0000 - 0x00007ffdfb787000 	C:\WINDOWS\System32\OLEAUT32.dll
0x00007ffde60c0000 - 0x00007ffde60f2000 	C:\WINDOWS\SYSTEM32\dbgcore.DLL
0x00007ffdfa290000 - 0x00007ffdfa30a000 	C:\WINDOWS\System32\bcryptPrimitives.dll
0x00007ffdd6f70000 - 0x00007ffdd6f95000 	C:\Program Files\Java\jdk-17.0.2\bin\java.dll
0x00007ffdc0c10000 - 0x00007ffdc0ce6000 	C:\Program Files\Java\jdk-17.0.2\bin\jsvml.dll
0x00007ffdf7cd0000 - 0x00007ffdf85c4000 	C:\WINDOWS\SYSTEM32\windows.storage.dll
0x00007ffdf7b90000 - 0x00007ffdf7cce000 	C:\WINDOWS\SYSTEM32\wintypes.dll
0x00007ffdfc9b0000 - 0x00007ffdfcaa3000 	C:\WINDOWS\System32\SHCORE.dll
0x00007ffdf9da0000 - 0x00007ffdf9dc6000 	C:\WINDOWS\SYSTEM32\profapi.dll
0x00007ffdd5280000 - 0x00007ffdd5299000 	C:\Program Files\Java\jdk-17.0.2\bin\net.dll
0x00007ffdf1b50000 - 0x00007ffdf1c87000 	C:\WINDOWS\SYSTEM32\WINHTTP.dll
0x00007ffdf9240000 - 0x00007ffdf92a9000 	C:\WINDOWS\system32\mswsock.dll
0x00007ffdd5260000 - 0x00007ffdd5276000 	C:\Program Files\Java\jdk-17.0.2\bin\nio.dll
0x00007ffdd5240000 - 0x00007ffdd5258000 	C:\Program Files\Java\jdk-17.0.2\bin\zip.dll
0x00007ffde7650000 - 0x00007ffde7660000 	C:\Program Files\Java\jdk-17.0.2\bin\verify.dll
0x00007ffdf3990000 - 0x00007ffdf399a000 	C:\Program Files\NetBeans-12.5\netbeans\java\maven\lib\jansi-native\windows64\jansi.dll
0x00007ffdf9480000 - 0x00007ffdf949b000 	C:\WINDOWS\SYSTEM32\CRYPTSP.dll
0x00007ffdf8d20000 - 0x00007ffdf8d55000 	C:\WINDOWS\system32\rsaenh.dll
0x00007ffdf9300000 - 0x00007ffdf932c000 	C:\WINDOWS\SYSTEM32\USERENV.dll
0x00007ffdf96c0000 - 0x00007ffdf96e8000 	C:\WINDOWS\SYSTEM32\bcrypt.dll
0x00007ffdf94a0000 - 0x00007ffdf94ac000 	C:\WINDOWS\SYSTEM32\CRYPTBASE.dll
0x00007ffdf8830000 - 0x00007ffdf885d000 	C:\WINDOWS\SYSTEM32\IPHLPAPI.DLL
0x00007ffdfb510000 - 0x00007ffdfb519000 	C:\WINDOWS\System32\NSI.dll
0x00007ffdf22b0000 - 0x00007ffdf22c9000 	C:\WINDOWS\SYSTEM32\dhcpcsvc6.DLL
0x00007ffdf2290000 - 0x00007ffdf22af000 	C:\WINDOWS\SYSTEM32\dhcpcsvc.DLL
0x00007ffdf88a0000 - 0x00007ffdf8999000 	C:\WINDOWS\SYSTEM32\DNSAPI.dll

dbghelp: loaded successfully - version: 4.0.5 - missing functions: none
symbol engine: initialized successfully - sym options: 0x614 - pdb path: .;C:\Program Files\Java\jdk-17.0.2\bin;C:\WINDOWS\SYSTEM32;C:\WINDOWS\WinSxS\amd64_microsoft.windows.common-controls_6595b64144ccf1df_6.0.22621.2506_none_270c5ae97388e100;C:\Program Files (x86)\360\Total Security\safemon;C:\Program Files\Java\jdk-17.0.2\bin\server;C:\Program Files\NetBeans-12.5\netbeans\java\maven\lib\jansi-native\windows64

VM Arguments:
jvm_args: -Dclassworlds.conf=C:\Program Files\NetBeans-12.5\netbeans\java\maven\bin\..\bin\m2.conf -Dmaven.home=C:\Program Files\NetBeans-12.5\netbeans\java\maven\bin\.. -Dlibrary.jansi.path=C:\Program Files\NetBeans-12.5\netbeans\java\maven\bin\..\lib\jansi-native -Dmaven.multiModuleProjectDirectory=E:\Documentos\NetBeansProjects\HBBC-java\HBBC-java 
java_command: org.codehaus.plexus.classworlds.launcher.Launcher -Dmaven.ext.class.path=C:\Program Files\NetBeans-12.5\netbeans\java\maven-nblib\netbeans-eventspy.jar -Dfile.encoding=UTF-8 install
java_class_path (initial): C:\Program Files\NetBeans-12.5\netbeans\java\maven\bin\..\boot\plexus-classworlds-2.6.0.jar
Launcher Type: SUN_STANDARD

[Global flags]
     intx CICompilerCount                          = 4                                         {product} {ergonomic}
     uint ConcGCThreads                            = 2                                         {product} {ergonomic}
     uint G1ConcRefinementThreads                  = 8                                         {product} {ergonomic}
   size_t G1HeapRegionSize                         = 1048576                                   {product} {ergonomic}
    uintx GCDrainStackTargetSize                   = 64                                        {product} {ergonomic}
   size_t InitialHeapSize                          = 117440512                                 {product} {ergonomic}
   size_t MarkStackSize                            = 4194304                                   {product} {ergonomic}
   size_t MaxHeapSize                              = 1862270976                                {product} {ergonomic}
   size_t MaxNewSize                               = 1116733440                                {product} {ergonomic}
   size_t MinHeapDeltaBytes                        = 1048576                                   {product} {ergonomic}
   size_t MinHeapSize                              = 8388608                                   {product} {ergonomic}
    uintx NonNMethodCodeHeapSize                   = 5839372                                {pd product} {ergonomic}
    uintx NonProfiledCodeHeapSize                  = 122909434                              {pd product} {ergonomic}
    uintx ProfiledCodeHeapSize                     = 122909434                              {pd product} {ergonomic}
    uintx ReservedCodeCacheSize                    = 251658240                              {pd product} {ergonomic}
     bool SegmentedCodeCache                       = true                                      {product} {ergonomic}
   size_t SoftMaxHeapSize                          = 1862270976                             {manageable} {ergonomic}
     bool UseCompressedClassPointers               = true                           {product lp64_product} {ergonomic}
     bool UseCompressedOops                        = true                           {product lp64_product} {ergonomic}
     bool UseG1GC                                  = true                                      {product} {ergonomic}
     bool UseLargePagesIndividualAllocation        = false                                  {pd product} {ergonomic}

Logging:
Log output configuration:
 #0: stdout all=warning uptime,level,tags
 #1: stderr all=off uptime,level,tags

Environment Variables:
JAVA_HOME=C:\Program Files\Java\jdk-17.0.2
PATH=C:\Program Files\Common Files\Oracle\Java\javapath;C:\Windows\system32;C:\Windows;C:\Windows\System32\Wbem;C:\Windows\System32\WindowsPowerShell\v1.0\;C:\Windows\System32\OpenSSH\;C:\TDM-GCC-64\bin;C:\xampp\php;C:\ProgramData\ComposerSetup\bin;C:\WINDOWS\system32;C:\WINDOWS;C:\WINDOWS\System32\Wbem;C:\WINDOWS\System32\WindowsPowerShell\v1.0\;C:\WINDOWS\System32\OpenSSH\;C:\Program Files (x86)\Windows Live\Shared;C:\Program Files\Microsoft SQL Server\150\Tools\Binn\;C:\Program Files\Dart\dart-sdk\bin;C:\flutter_windows_3.13.1-stable\flutter\bin;C:\Program Files\Git\cmd;C:\flutter\bin;C:\Program Files\nodejs\;C:\Users\Miranda\AppData\Local\Microsoft\WindowsApps;C:\Users\Miranda\AppData\Roaming\Composer\vendor\bin;C:\Program Files\JetBrains\IntelliJ IDEA Community Edition 2023.1.2\bin;;C:\maven\bin;C:\Users\Miranda\AppData\Local\Programs\Microsoft VS Code\bin;C:\Program Files\Dart\dart-sdk\bin;C:\flutter\bin;C:\Users\Miranda\AppData\Roaming\npm
USERNAME=Miranda
OS=Windows_NT
PROCESSOR_IDENTIFIER=AMD64 Family 23 Model 24 Stepping 1, AuthenticAMD



---------------  S Y S T E M  ---------------

OS:
 Windows 11 , 64 bit Build 22621 (10.0.22621.2506)
OS uptime: 3 days 13:30 hours
Hyper-V role detected

CPU: total 8 (initial active 8) (8 cores per cpu, 2 threads per core) family 23 model 24 stepping 1 microcode 0x0, cx8, cmov, fxsr, ht, mmx, 3dnowpref, sse, sse2, sse3, ssse3, sse4a, sse4.1, sse4.2, popcnt, lzcnt, tsc, tscinvbit, avx, avx2, aes, clmul, bmi1, bmi2, adx, sha, fma, vzeroupper, clflush, clflushopt, hv

Memory: 4k page, system-wide physical 7103M (122M free)
TotalPageFile size 9151M (AvailPageFile size 99M)
current process WorkingSet (physical memory assigned to process): 371M, peak: 374M
current process commit charge ("private bytes"): 404M, peak: 615M

vm_info: Java HotSpot(TM) 64-Bit Server VM (17.0.2+8-LTS-86) for windows-amd64 JRE (17.0.2+8-LTS-86), built on Dec  7 2021 21:51:03 by "mach5one" with MS VC++ 16.8 / 16.9 (VS2019)

END.
