#
# There is insufficient memory for the Java Runtime Environment to continue.
# Native memory allocation (mmap) failed to map 117440512 bytes for G1 virtual space
# Possible reasons:
#   The system is out of physical RAM or swap space
#   The process is running with CompressedOops enabled, and the Java Heap may be blocking the growth of the native heap
# Possible solutions:
#   Reduce memory load on the system
#   Increase physical memory or swap space
#   Check if swap backing store is full
#   Decrease Java heap size (-Xmx/-Xms)
#   Decrease number of Java threads
#   Decrease Java thread stack sizes (-Xss)
#   Set larger code cache with -XX:ReservedCodeCacheSize=
#   JVM is running with Unscaled Compressed Oops mode in which the Java heap is
#     placed in the first 4GB address space. The Java Heap base address is the
#     maximum limit for the native heap growth. Please use -XX:HeapBaseMinAddress
#     to set the Java Heap base and to place the Java Heap above 4GB virtual address.
# This output file may be truncated or incomplete.
#
#  Out of Memory Error (os_windows.cpp:3532), pid=9424, tid=14804
#
# JRE version:  (17.0.2+8) (build )
# Java VM: Java HotSpot(TM) 64-Bit Server VM (17.0.2+8-LTS-86, mixed mode, sharing, tiered, compressed oops, compressed class ptrs, g1 gc, windows-amd64)
# No core dump will be written. Minidumps are not enabled by default on client versions of Windows
#

---------------  S U M M A R Y ------------

Command Line: HBBC.App

Host: AMD Ryzen 5 3500U with Radeon Vega Mobile Gfx  , 8 cores, 6G,  Windows 11 , 64 bit Build 22621 (10.0.22621.2215)
Time: Sat Sep 23 16:34:08 2023 Hora estándar, América Central elapsed time: 0.021679 seconds (0d 0h 0m 0s)

---------------  T H R E A D  ---------------

Current thread (0x0000029415a88b30):  JavaThread "Unknown thread" [_thread_in_vm, id=14804, stack(0x000000a20eb00000,0x000000a20ec00000)]

Stack: [0x000000a20eb00000,0x000000a20ec00000]
Native frames: (J=compiled Java code, j=interpreted, Vv=VM code, C=native code)
V  [jvm.dll+0x670baa]
V  [jvm.dll+0x7cfcb4]
V  [jvm.dll+0x7d145e]
V  [jvm.dll+0x7d1ac3]
V  [jvm.dll+0x242bc5]
V  [jvm.dll+0x66dac9]
V  [jvm.dll+0x662412]
V  [jvm.dll+0x300c0b]
V  [jvm.dll+0x3081a6]
V  [jvm.dll+0x357d0e]
V  [jvm.dll+0x357f3f]
V  [jvm.dll+0x2d7ec8]
V  [jvm.dll+0x2d8e34]
V  [jvm.dll+0x7a18c1]
V  [jvm.dll+0x365a91]
V  [jvm.dll+0x780d2c]
V  [jvm.dll+0x3e845f]
V  [jvm.dll+0x3e9f01]
C  [jli.dll+0x527b]
C  [ucrtbase.dll+0x29363]
C  [KERNEL32.DLL+0x1257d]
C  [ntdll.dll+0x5aa68]


---------------  P R O C E S S  ---------------

Threads class SMR info:
_java_thread_list=0x00007ffb928a9858, length=0, elements={
}

Java Threads: ( => current thread )

Other Threads:
  0x0000029415ac4770 GCTaskThread "GC Thread#0" [stack: 0x000000a20ec00000,0x000000a20ed00000] [id=2756]
  0x0000029415ad3c50 ConcurrentGCThread "G1 Main Marker" [stack: 0x000000a20ed00000,0x000000a20ee00000] [id=5556]
  0x0000029415ad4660 ConcurrentGCThread "G1 Conc#0" [stack: 0x000000a20ee00000,0x000000a20ef00000] [id=12812]

[error occurred during error reporting (printing all threads), id 0xc0000005, EXCEPTION_ACCESS_VIOLATION (0xc0000005) at pc=0x00007ffb920f88a7]

VM state: not at safepoint (not fully initialized)

VM Mutex/Monitor currently owned by a thread:  ([mutex/lock_event])
[0x0000029415a83cd0] Heap_lock - owner thread: 0x0000029415a88b30

Heap address: 0x0000000091000000, size: 1776 MB, Compressed Oops mode: 32-bit

CDS archive(s) mapped at: [0x0000000000000000-0x0000000000000000-0x0000000000000000), size 0, SharedBaseAddress: 0x0000000800000000, ArchiveRelocationMode: 0.
Narrow klass base: 0x0000000000000000, Narrow klass shift: 0, Narrow klass range: 0x0

GC Precious Log:
<Empty>

Heap:
 garbage-first heap   total 0K, used 0K [0x0000000091000000, 0x0000000100000000)
  region size 1024K, 0 young (0K), 0 survivors (0K)

[error occurred during error reporting (printing heap information), id 0xc0000005, EXCEPTION_ACCESS_VIOLATION (0xc0000005) at pc=0x00007ffb924d9f19]

GC Heap History (0 events):
No events

Deoptimization events (0 events):
No events

Classes unloaded (0 events):
No events

Classes redefined (0 events):
No events

Internal exceptions (0 events):
No events

VM Operations (0 events):
No events

Events (1 events):
Event: 0.012 Loaded shared library C:\Program Files\Java\jdk-17.0.2\bin\java.dll


Dynamic libraries:
0x00007ff67a640000 - 0x00007ff67a650000 	C:\Program Files\Java\jdk-17.0.2\bin\java.exe
0x00007ffc13a10000 - 0x00007ffc13c24000 	C:\WINDOWS\SYSTEM32\ntdll.dll
0x00007ffc11c00000 - 0x00007ffc11cc4000 	C:\WINDOWS\System32\KERNEL32.DLL
0x00007ffc11370000 - 0x00007ffc11714000 	C:\WINDOWS\System32\KERNELBASE.dll
0x00007ffc10df0000 - 0x00007ffc10f01000 	C:\WINDOWS\System32\ucrtbase.dll
0x00007ffc0c290000 - 0x00007ffc0c2aa000 	C:\Program Files\Java\jdk-17.0.2\bin\VCRUNTIME140.dll
0x00007ffc0c1c0000 - 0x00007ffc0c1d8000 	C:\Program Files\Java\jdk-17.0.2\bin\jli.dll
0x00007ffc11f00000 - 0x00007ffc11fb0000 	C:\WINDOWS\System32\ADVAPI32.dll
0x00007ffc12c70000 - 0x00007ffc12d17000 	C:\WINDOWS\System32\msvcrt.dll
0x00007ffc131c0000 - 0x00007ffc13266000 	C:\WINDOWS\System32\sechost.dll
0x00007ffc11ae0000 - 0x00007ffc11bf7000 	C:\WINDOWS\System32\RPCRT4.dll
0x00007ffc13010000 - 0x00007ffc131be000 	C:\WINDOWS\System32\USER32.dll
0x00007ffbf8d60000 - 0x00007ffbf8ff3000 	C:\WINDOWS\WinSxS\amd64_microsoft.windows.common-controls_6595b64144ccf1df_6.0.22621.2215_none_270d72677387dfc3\COMCTL32.dll
0x00007ffc10dc0000 - 0x00007ffc10de6000 	C:\WINDOWS\System32\win32u.dll
0x00007ffc11d70000 - 0x00007ffc11d99000 	C:\WINDOWS\System32\GDI32.dll
0x00007ffc11080000 - 0x00007ffc11198000 	C:\WINDOWS\System32\gdi32full.dll
0x00007ffc11260000 - 0x00007ffc112fa000 	C:\WINDOWS\System32\msvcp_win.dll
0x00007ffc088f0000 - 0x00007ffc088fa000 	C:\WINDOWS\SYSTEM32\VERSION.dll
0x00007ffc12c30000 - 0x00007ffc12c61000 	C:\WINDOWS\System32\IMM32.DLL
0x00007ffc0c280000 - 0x00007ffc0c28c000 	C:\Program Files\Java\jdk-17.0.2\bin\vcruntime140_1.dll
0x00007ffbe0a90000 - 0x00007ffbe0b1d000 	C:\Program Files\Java\jdk-17.0.2\bin\msvcp140.dll
0x00007ffb91e10000 - 0x00007ffb929d1000 	C:\Program Files\Java\jdk-17.0.2\bin\server\jvm.dll
0x00007ffc11cf0000 - 0x00007ffc11cf8000 	C:\WINDOWS\System32\PSAPI.DLL
0x00007ffc0e140000 - 0x00007ffc0e149000 	C:\WINDOWS\SYSTEM32\WSOCK32.dll
0x00007ffc09660000 - 0x00007ffc09694000 	C:\WINDOWS\SYSTEM32\WINMM.dll
0x00007ffc13440000 - 0x00007ffc134b1000 	C:\WINDOWS\System32\WS2_32.dll
0x00007ffc0fd80000 - 0x00007ffc0fd98000 	C:\WINDOWS\SYSTEM32\kernel.appcore.dll
0x00007ffc0c230000 - 0x00007ffc0c23a000 	C:\Program Files\Java\jdk-17.0.2\bin\jimage.dll
0x00007ffc06c10000 - 0x00007ffc06e3e000 	C:\WINDOWS\SYSTEM32\DBGHELP.DLL
0x00007ffc128a0000 - 0x00007ffc12c2a000 	C:\WINDOWS\System32\combase.dll
0x00007ffc11da0000 - 0x00007ffc11e77000 	C:\WINDOWS\System32\OLEAUT32.dll
0x00007ffbfae40000 - 0x00007ffbfae72000 	C:\WINDOWS\SYSTEM32\dbgcore.DLL
0x00007ffc11720000 - 0x00007ffc1179a000 	C:\WINDOWS\System32\bcryptPrimitives.dll
0x00007ffc0a6f0000 - 0x00007ffc0a715000 	C:\Program Files\Java\jdk-17.0.2\bin\java.dll

dbghelp: loaded successfully - version: 4.0.5 - missing functions: none
symbol engine: initialized successfully - sym options: 0x614 - pdb path: .;C:\Program Files\Java\jdk-17.0.2\bin;C:\WINDOWS\SYSTEM32;C:\WINDOWS\WinSxS\amd64_microsoft.windows.common-controls_6595b64144ccf1df_6.0.22621.2215_none_270d72677387dfc3;C:\Program Files\Java\jdk-17.0.2\bin\server

VM Arguments:
java_command: HBBC.App
java_class_path (initial): E:\Documentos\NetBeansProjects\HBBC-java\target\classes;C:\Users\Miranda\.m2\repository\com\google\firebase\firebase-admin\9.2.0\firebase-admin-9.2.0.jar;C:\Users\Miranda\.m2\repository\com\google\api-client\google-api-client\2.2.0\google-api-client-2.2.0.jar;C:\Users\Miranda\.m2\repository\com\google\api-client\google-api-client-gson\2.2.0\google-api-client-gson-2.2.0.jar;C:\Users\Miranda\.m2\repository\com\google\http-client\google-http-client\1.43.1\google-http-client-1.43.1.jar;C:\Users\Miranda\.m2\repository\com\google\api\api-common\2.12.0\api-common-2.12.0.jar;C:\Users\Miranda\.m2\repository\com\google\auth\google-auth-library-oauth2-http\1.17.0\google-auth-library-oauth2-http-1.17.0.jar;C:\Users\Miranda\.m2\repository\com\google\guava\guava\31.1-jre\guava-31.1-jre.jar;C:\Users\Miranda\.m2\repository\org\slf4j\slf4j-api\2.0.7\slf4j-api-2.0.7.jar;C:\Users\Miranda\.m2\repository\io\netty\netty-codec-http\4.1.94.Final\netty-codec-http-4.1.94.Final.jar;C:\Users\Miranda\.m2\repository\io\netty\netty-common\4.1.94.Final\netty-common-4.1.94.Final.jar;C:\Users\Miranda\.m2\repository\io\netty\netty-buffer\4.1.94.Final\netty-buffer-4.1.94.Final.jar;C:\Users\Miranda\.m2\repository\io\netty\netty-codec\4.1.94.Final\netty-codec-4.1.94.Final.jar;C:\Users\Miranda\.m2\repository\io\netty\netty-handler\4.1.94.Final\netty-handler-4.1.94.Final.jar;C:\Users\Miranda\.m2\repository\io\netty\netty-resolver\4.1.94.Final\netty-resolver-4.1.94.Final.jar;C:\Users\Miranda\.m2\repository\io\netty\netty-transport-native-unix-common\4.1.94.Final\netty-transport-native-unix-common-4.1.94.Final.jar;C:\Users\Miranda\.m2\repository\io\netty\netty-transport\4.1.94.Final\netty-transport-4.1.94.Final.jar;C:\Users\Miranda\.m2\repository\com\google\cloud\google-cloud-firestore\3.14.1\google-cloud-firestore-3.14.1.jar;C:\Users\Miranda\.m2\repository\com\google\cloud\google-cloud-core-grpc\2.22.0\google-cloud-core-grpc-2.22.0.jar;C:\Users\Miranda\.m2\repository\org\apache
Launcher Type: SUN_STANDARD

[Global flags]
     intx CICompilerCount                          = 4                                         {product} {ergonomic}
     uint ConcGCThreads                            = 2                                         {product} {ergonomic}
     uint G1ConcRefinementThreads                  = 8                                         {product} {ergonomic}
   size_t G1HeapRegionSize                         = 1048576                                   {product} {ergonomic}
    uintx GCDrainStackTargetSize                   = 64                                        {product} {ergonomic}
   size_t InitialHeapSize                          = 117440512                                 {product} {ergonomic}
   size_t MarkStackSize                            = 4194304                                   {product} {ergonomic}
   size_t MaxHeapSize                              = 1862270976                                {product} {ergonomic}
   size_t MinHeapDeltaBytes                        = 1048576                                   {product} {ergonomic}
   size_t MinHeapSize                              = 8388608                                   {product} {ergonomic}
    uintx NonNMethodCodeHeapSize                   = 5839372                                {pd product} {ergonomic}
    uintx NonProfiledCodeHeapSize                  = 122909434                              {pd product} {ergonomic}
    uintx ProfiledCodeHeapSize                     = 122909434                              {pd product} {ergonomic}
    uintx ReservedCodeCacheSize                    = 251658240                              {pd product} {ergonomic}
     bool SegmentedCodeCache                       = true                                      {product} {ergonomic}
   size_t SoftMaxHeapSize                          = 1862270976                             {manageable} {ergonomic}
     bool UseCompressedClassPointers               = true                           {product lp64_product} {ergonomic}
     bool UseCompressedOops                        = true                           {product lp64_product} {ergonomic}
     bool UseG1GC                                  = true                                      {product} {ergonomic}
     bool UseLargePagesIndividualAllocation        = false                                  {pd product} {ergonomic}

Logging:
Log output configuration:
 #0: stdout all=warning uptime,level,tags
 #1: stderr all=off uptime,level,tags

Environment Variables:
JAVA_HOME=C:\Program Files\Java\jdk-17.0.2
PATH=C:\Program Files\Common Files\Oracle\Java\javapath;C:\Windows\system32;C:\Windows;C:\Windows\System32\Wbem;C:\Windows\System32\WindowsPowerShell\v1.0\;C:\Windows\System32\OpenSSH\;C:\Program Files\nodejs\;C:\TDM-GCC-64\bin;C:\xampp\php;C:\ProgramData\ComposerSetup\bin;C:\WINDOWS\system32;C:\WINDOWS;C:\WINDOWS\System32\Wbem;C:\WINDOWS\System32\WindowsPowerShell\v1.0\;C:\WINDOWS\System32\OpenSSH\;C:\Program Files (x86)\Windows Live\Shared;C:\Program Files\Microsoft SQL Server\150\Tools\Binn\;C:\Program Files\Dart\dart-sdk\bin;C:\flutter_windows_3.13.1-stable\flutter\bin;C:\Users\Miranda\AppData\Local\Microsoft\WindowsApps;C:\Users\Miranda\AppData\Roaming\npm;C:\Users\Miranda\AppData\Roaming\Composer\vendor\bin;C:\Program Files\JetBrains\IntelliJ IDEA Community Edition 2023.1.2\bin;;C:\maven\bin;C:\Users\Miranda\AppData\Local\Programs\Microsoft VS Code\bin;C:\Program Files\Dart\dart-sdk\bin;
USERNAME=Miranda
OS=Windows_NT
PROCESSOR_IDENTIFIER=AMD64 Family 23 Model 24 Stepping 1, AuthenticAMD



---------------  S Y S T E M  ---------------

OS:
 Windows 11 , 64 bit Build 22621 (10.0.22621.2215)
OS uptime: 0 days 4:40 hours
Hyper-V role detected

CPU: total 8 (initial active 8) (8 cores per cpu, 2 threads per core) family 23 model 24 stepping 1 microcode 0x0, cx8, cmov, fxsr, ht, mmx, 3dnowpref, sse, sse2, sse3, ssse3, sse4a, sse4.1, sse4.2, popcnt, lzcnt, tsc, tscinvbit, avx, avx2, aes, clmul, bmi1, bmi2, adx, sha, fma, vzeroupper, clflush, clflushopt, hv

Memory: 4k page, system-wide physical 7103M (627M free)
TotalPageFile size 9131M (AvailPageFile size 43M)
current process WorkingSet (physical memory assigned to process): 11M, peak: 11M
current process commit charge ("private bytes"): 60M, peak: 172M

vm_info: Java HotSpot(TM) 64-Bit Server VM (17.0.2+8-LTS-86) for windows-amd64 JRE (17.0.2+8-LTS-86), built on Dec  7 2021 21:51:03 by "mach5one" with MS VC++ 16.8 / 16.9 (VS2019)

END.
